This file contains any messages produced by compilers while
running configure, to aid debugging if configure makes a mistake.

It was created by configure, which was
generated by GNU Autoconf 2.69.  Invocation command line was

  $ ./configure 

## --------- ##
## Platform. ##
## --------- ##

hostname = Gabriels-MBP
uname -m = x86_64
uname -r = 19.5.0
uname -s = Darwin
uname -v = Darwin Kernel Version 19.5.0: Tue May 26 20:41:44 PDT 2020; root:xnu-6153.121.2~2/RELEASE_X86_64

/usr/bin/uname -p = i386
/bin/uname -X     = unknown

/bin/arch              = unknown
/usr/bin/arch -k       = unknown
/usr/convex/getsysinfo = unknown
/usr/bin/hostinfo      = Mach kernel version:
	 Darwin Kernel Version 19.5.0: Tue May 26 20:41:44 PDT 2020; root:xnu-6153.121.2~2/RELEASE_X86_64
Kernel configured for up to 12 processors.
6 processors are physically available.
12 processors are logically available.
Processor type: x86_64h (Intel x86-64h Haswell)
Processors active: 0 1 2 3 4 5 6 7 8 9 10 11
Primary memory available: 16.00 gigabytes
Default processor set: 611 tasks, 4088 threads, 12 processors
Load average: 2.35, Mach factor: 9.82
/bin/machine           = unknown
/usr/bin/oslevel       = unknown
/bin/universe          = unknown

PATH: /Users/gabrielmunits/.local/bin
PATH: /Users/gabrielmunits/.local/bin
PATH: /Users/gabrielmunits/.nvm/versions/node/v12.16.1/bin
PATH: /Users/gabrielmunits/.pyenv/shims
PATH: /Users/gabrielmunits/bin
PATH: /usr/local/bin
PATH: /Users/gabrielmunits/.cargo/bin
PATH: /usr/local/bin
PATH: /usr/bin
PATH: /bin
PATH: /usr/sbin
PATH: /sbin
PATH: /Library/TeX/texbin
PATH: /usr/local/go/bin
PATH: /Library/Apple/usr/bin
PATH: /Users/gabrielmunits/.fzf/bin


## ----------- ##
## Core tests. ##
## ----------- ##

configure:2359: checking for a BSD-compatible install
configure:2427: result: /usr/bin/install -c
configure:2438: checking whether build environment is sane
configure:2475: result: yes
configure:2487: checking whether make sets $(MAKE)
configure:2509: result: yes
configure:2539: checking for working aclocal
configure:2550: result: missing
configure:2554: checking for working autoconf
configure:2561: result: found
configure:2569: checking for working automake
configure:2580: result: missing
configure:2584: checking for working autoheader
configure:2591: result: found
configure:2599: checking for working makeinfo
configure:2606: result: found
configure:2620: checking build system type
configure:2634: result: x86_64-apple-darwin19.5.0
configure:2654: checking host system type
configure:2667: result: x86_64-apple-darwin19.5.0
configure:2702: checking for wininet-config
configure:2730: result: no
configure:2739: You don't appear to have Wininet installed (no working wininet-config in your command search path), so we will not build the Wininet client XML transport
configure:2749: checking whether to build Wininet client XML transport module
configure:2751: result: no
configure:2767: checking for curl-config
configure:2783: found /usr/bin/curl-config
configure:2795: result: yes
configure:2814: checking whether to build Curl client XML transport module
configure:2816: result: yes
configure:2832: checking for libwww-config
configure:2860: result: no
configure:2869: You don't appear to have Libwww installed (no working libwww-config in your command search path), so we will not build the Libwww client XML transport
configure:2879: checking whether to build Libwww client XML transport module
configure:2881: result: no
configure:2939: checking for gcc
configure:2955: found /usr/bin/gcc
configure:2966: result: gcc
configure:3195: checking for C compiler version
configure:3204: gcc --version >&5
Apple clang version 11.0.0 (clang-1100.0.33.8)
Target: x86_64-apple-darwin19.5.0
Thread model: posix
InstalledDir: /Library/Developer/CommandLineTools/usr/bin
Configured with: --prefix=/Library/Developer/CommandLineTools/usr --with-gxx-include-dir=/Library/Developer/CommandLineTools/SDKs/MacOSX.sdk/usr/include/c++/4.2.1
configure:3215: $? = 0
configure:3204: gcc -v >&5
Configured with: --prefix=/Library/Developer/CommandLineTools/usr --with-gxx-include-dir=/Library/Developer/CommandLineTools/SDKs/MacOSX.sdk/usr/include/c++/4.2.1
Apple clang version 11.0.0 (clang-1100.0.33.8)
Target: x86_64-apple-darwin19.5.0
Thread model: posix
InstalledDir: /Library/Developer/CommandLineTools/usr/bin
configure:3215: $? = 0
configure:3204: gcc -V >&5
clang: error: unsupported option '-V -Wno-framework-include-private-from-public'
clang: error: no input files
configure:3215: $? = 1
configure:3204: gcc -qversion >&5
clang: error: unknown argument '-qversion', did you mean '--version'?
clang: error: no input files
configure:3215: $? = 1
configure:3235: checking whether the C compiler works
configure:3257: gcc    conftest.c  >&5
configure:3261: $? = 0
configure:3309: result: yes
configure:3312: checking for C compiler default output file name
configure:3314: result: a.out
configure:3320: checking for suffix of executables
configure:3327: gcc -o conftest    conftest.c  >&5
configure:3331: $? = 0
configure:3353: result: 
configure:3375: checking whether we are cross compiling
configure:3383: gcc -o conftest    conftest.c  >&5
configure:3387: $? = 0
configure:3394: ./conftest
configure:3398: $? = 0
configure:3413: result: no
configure:3418: checking for suffix of object files
configure:3440: gcc -c   conftest.c >&5
configure:3444: $? = 0
configure:3465: result: o
configure:3469: checking whether we are using the GNU C compiler
configure:3488: gcc -c   conftest.c >&5
configure:3488: $? = 0
configure:3497: result: yes
configure:3506: checking whether gcc accepts -g
configure:3526: gcc -c -g  conftest.c >&5
configure:3526: $? = 0
configure:3567: result: yes
configure:3584: checking for gcc option to accept ISO C89
configure:3647: gcc  -c -g -O2  conftest.c >&5
configure:3647: $? = 0
configure:3660: result: none needed
configure:3681: checking for main in -lncurses
configure:3700: gcc -o conftest -g -O2   conftest.c -lncurses   >&5
configure:3700: $? = 0
configure:3709: result: yes
configure:3717: checking for main in -lreadline
configure:3736: gcc -o conftest -g -O2   conftest.c -lreadline   >&5
configure:3736: $? = 0
configure:3745: result: yes
configure:3754: checking whether to build tools
configure:3768: result: yes
configure:3773: checking whether to build the xmlrpc_pstream tool
configure:3775: result: yes
configure:3807: checking whether to build Abyss server module
configure:3816: result: yes
configure:3840: checking whether to build CGI server module
configure:3849: result: yes
configure:3854: checking whether to build C++ wrappers and tools
configure:3863: result: yes
configure:3944: checking for gcc
configure:3971: result: gcc
configure:4200: checking for C compiler version
configure:4209: gcc --version >&5
Apple clang version 11.0.0 (clang-1100.0.33.8)
Target: x86_64-apple-darwin19.5.0
Thread model: posix
InstalledDir: /Library/Developer/CommandLineTools/usr/bin
Configured with: --prefix=/Library/Developer/CommandLineTools/usr --with-gxx-include-dir=/Library/Developer/CommandLineTools/SDKs/MacOSX.sdk/usr/include/c++/4.2.1
configure:4220: $? = 0
configure:4209: gcc -v >&5
Configured with: --prefix=/Library/Developer/CommandLineTools/usr --with-gxx-include-dir=/Library/Developer/CommandLineTools/SDKs/MacOSX.sdk/usr/include/c++/4.2.1
Apple clang version 11.0.0 (clang-1100.0.33.8)
Target: x86_64-apple-darwin19.5.0
Thread model: posix
InstalledDir: /Library/Developer/CommandLineTools/usr/bin
configure:4220: $? = 0
configure:4209: gcc -V >&5
clang: error: unsupported option '-V -Wno-framework-include-private-from-public'
clang: error: no input files
configure:4220: $? = 1
configure:4209: gcc -qversion >&5
clang: error: unknown argument '-qversion', did you mean '--version'?
clang: error: no input files
configure:4220: $? = 1
configure:4224: checking whether we are using the GNU C compiler
configure:4252: result: yes
configure:4261: checking whether gcc accepts -g
configure:4322: result: yes
configure:4339: checking for gcc option to accept ISO C89
configure:4415: result: none needed
configure:4494: checking for g++
configure:4510: found /usr/bin/g++
configure:4521: result: g++
configure:4548: checking for C++ compiler version
configure:4557: g++ --version >&5
Apple clang version 11.0.0 (clang-1100.0.33.8)
Target: x86_64-apple-darwin19.5.0
Thread model: posix
InstalledDir: /Library/Developer/CommandLineTools/usr/bin
Configured with: --prefix=/Library/Developer/CommandLineTools/usr --with-gxx-include-dir=/Library/Developer/CommandLineTools/SDKs/MacOSX.sdk/usr/include/c++/4.2.1
configure:4568: $? = 0
configure:4557: g++ -v >&5
Configured with: --prefix=/Library/Developer/CommandLineTools/usr --with-gxx-include-dir=/Library/Developer/CommandLineTools/SDKs/MacOSX.sdk/usr/include/c++/4.2.1
Apple clang version 11.0.0 (clang-1100.0.33.8)
Target: x86_64-apple-darwin19.5.0
Thread model: posix
InstalledDir: /Library/Developer/CommandLineTools/usr/bin
configure:4568: $? = 0
configure:4557: g++ -V >&5
clang: error: unsupported option '-V -Wno-framework-include-private-from-public'
clang: error: no input files
configure:4568: $? = 1
configure:4557: g++ -qversion >&5
clang: error: unknown argument '-qversion', did you mean '--version'?
clang: error: no input files
configure:4568: $? = 1
configure:4572: checking whether we are using the GNU C++ compiler
configure:4591: g++ -c   conftest.cpp >&5
configure:4591: $? = 0
configure:4600: result: yes
configure:4609: checking whether g++ accepts -g
configure:4629: g++ -c -g  conftest.cpp >&5
configure:4629: $? = 0
configure:4670: result: yes
configure:4702: checking for socket
configure:4702: gcc -o conftest -g -O2   conftest.c  >&5
configure:4702: $? = 0
configure:4702: result: yes
configure:4777: checking how to run the C preprocessor
configure:4808: gcc -E  conftest.c
configure:4808: $? = 0
configure:4822: gcc -E  conftest.c
conftest.c:11:10: fatal error: 'ac_nonexistent.h' file not found
#include <ac_nonexistent.h>
         ^~~~~~~~~~~~~~~~~~
1 error generated.
configure:4822: $? = 1
configure: failed program was:
| /* confdefs.h */
| #define PACKAGE_NAME ""
| #define PACKAGE_TARNAME ""
| #define PACKAGE_VERSION ""
| #define PACKAGE_STRING ""
| #define PACKAGE_BUGREPORT ""
| #define PACKAGE_URL ""
| #define PACKAGE "xmlrpc-c"
| #define VERSION "x.xx"
| /* end confdefs.h.  */
| #include <ac_nonexistent.h>
configure:4847: result: gcc -E
configure:4867: gcc -E  conftest.c
configure:4867: $? = 0
configure:4881: gcc -E  conftest.c
conftest.c:11:10: fatal error: 'ac_nonexistent.h' file not found
#include <ac_nonexistent.h>
         ^~~~~~~~~~~~~~~~~~
1 error generated.
configure:4881: $? = 1
configure: failed program was:
| /* confdefs.h */
| #define PACKAGE_NAME ""
| #define PACKAGE_TARNAME ""
| #define PACKAGE_VERSION ""
| #define PACKAGE_STRING ""
| #define PACKAGE_BUGREPORT ""
| #define PACKAGE_URL ""
| #define PACKAGE "xmlrpc-c"
| #define VERSION "x.xx"
| /* end confdefs.h.  */
| #include <ac_nonexistent.h>
configure:4910: checking for grep that handles long lines and -e
configure:4968: result: /usr/bin/grep
configure:4973: checking for egrep
configure:5035: result: /usr/bin/grep -E
configure:5040: checking for ANSI C header files
configure:5060: gcc -c -g -O2  conftest.c >&5
configure:5060: $? = 0
configure:5133: gcc -o conftest -g -O2   conftest.c  >&5
configure:5133: $? = 0
configure:5133: ./conftest
configure:5133: $? = 0
configure:5144: result: yes
configure:5159: checking for sys/types.h
configure:5159: gcc -c -g -O2  conftest.c >&5
configure:5159: $? = 0
configure:5159: result: yes
configure:5159: checking for sys/stat.h
configure:5159: gcc -c -g -O2  conftest.c >&5
configure:5159: $? = 0
configure:5159: result: yes
configure:5159: checking for stdlib.h
configure:5159: gcc -c -g -O2  conftest.c >&5
configure:5159: $? = 0
configure:5159: result: yes
configure:5159: checking for string.h
configure:5159: gcc -c -g -O2  conftest.c >&5
configure:5159: $? = 0
configure:5159: result: yes
configure:5159: checking for memory.h
configure:5159: gcc -c -g -O2  conftest.c >&5
configure:5159: $? = 0
configure:5159: result: yes
configure:5159: checking for strings.h
configure:5159: gcc -c -g -O2  conftest.c >&5
configure:5159: $? = 0
configure:5159: result: yes
configure:5159: checking for inttypes.h
configure:5159: gcc -c -g -O2  conftest.c >&5
configure:5159: $? = 0
configure:5159: result: yes
configure:5159: checking for stdint.h
configure:5159: gcc -c -g -O2  conftest.c >&5
configure:5159: $? = 0
configure:5159: result: yes
configure:5159: checking for unistd.h
configure:5159: gcc -c -g -O2  conftest.c >&5
configure:5159: $? = 0
configure:5159: result: yes
configure:5173: checking wchar.h usability
configure:5173: gcc -c -g -O2  conftest.c >&5
configure:5173: $? = 0
configure:5173: result: yes
configure:5173: checking wchar.h presence
configure:5173: gcc -E  conftest.c
configure:5173: $? = 0
configure:5173: result: yes
configure:5173: checking for wchar.h
configure:5173: result: yes
configure:5195: checking sys/filio.h usability
configure:5195: gcc -c -g -O2  conftest.c >&5
configure:5195: $? = 0
configure:5195: result: yes
configure:5195: checking sys/filio.h presence
configure:5195: gcc -E  conftest.c
configure:5195: $? = 0
configure:5195: result: yes
configure:5195: checking for sys/filio.h
configure:5195: result: yes
configure:5216: checking sys/ioctl.h usability
configure:5216: gcc -c -g -O2  conftest.c >&5
configure:5216: $? = 0
configure:5216: result: yes
configure:5216: checking sys/ioctl.h presence
configure:5216: gcc -E  conftest.c
configure:5216: $? = 0
configure:5216: result: yes
configure:5216: checking for sys/ioctl.h
configure:5216: result: yes
configure:5235: checking sys/select.h usability
configure:5235: gcc -c -g -O2  conftest.c >&5
configure:5235: $? = 0
configure:5235: result: yes
configure:5235: checking sys/select.h presence
configure:5235: gcc -E  conftest.c
configure:5235: $? = 0
configure:5235: result: yes
configure:5235: checking for sys/select.h
configure:5235: result: yes
configure:5255: checking stdarg.h usability
configure:5255: gcc -c -g -O2  conftest.c >&5
configure:5255: $? = 0
configure:5255: result: yes
configure:5255: checking stdarg.h presence
configure:5255: gcc -E  conftest.c
configure:5255: $? = 0
configure:5255: result: yes
configure:5255: checking for stdarg.h
configure:5255: result: yes
configure:5272: checking for size_t
configure:5272: gcc -c -g -O2  conftest.c >&5
configure:5272: $? = 0
configure:5272: gcc -c -g -O2  conftest.c >&5
conftest.c:62:21: error: expected expression
if (sizeof ((size_t)))
                    ^
1 error generated.
configure:5272: $? = 1
configure: failed program was:
| /* confdefs.h */
| #define PACKAGE_NAME ""
| #define PACKAGE_TARNAME ""
| #define PACKAGE_VERSION ""
| #define PACKAGE_STRING ""
| #define PACKAGE_BUGREPORT ""
| #define PACKAGE_URL ""
| #define PACKAGE "xmlrpc-c"
| #define VERSION "x.xx"
| #define STDC_HEADERS 1
| #define HAVE_SYS_TYPES_H 1
| #define HAVE_SYS_STAT_H 1
| #define HAVE_STDLIB_H 1
| #define HAVE_STRING_H 1
| #define HAVE_MEMORY_H 1
| #define HAVE_STRINGS_H 1
| #define HAVE_INTTYPES_H 1
| #define HAVE_STDINT_H 1
| #define HAVE_UNISTD_H 1
| #define HAVE_WCHAR_H 1
| #define HAVE_SYS_FILIO_H 1
| #define HAVE_SYS_IOCTL_H 1
| #define HAVE_SYS_SELECT_H 1
| #define HAVE_STDARG_H 1
| /* end confdefs.h.  */
| #include <stdio.h>
| #ifdef HAVE_SYS_TYPES_H
| # include <sys/types.h>
| #endif
| #ifdef HAVE_SYS_STAT_H
| # include <sys/stat.h>
| #endif
| #ifdef STDC_HEADERS
| # include <stdlib.h>
| # include <stddef.h>
| #else
| # ifdef HAVE_STDLIB_H
| #  include <stdlib.h>
| # endif
| #endif
| #ifdef HAVE_STRING_H
| # if !defined STDC_HEADERS && defined HAVE_MEMORY_H
| #  include <memory.h>
| # endif
| # include <string.h>
| #endif
| #ifdef HAVE_STRINGS_H
| # include <strings.h>
| #endif
| #ifdef HAVE_INTTYPES_H
| # include <inttypes.h>
| #endif
| #ifdef HAVE_STDINT_H
| # include <stdint.h>
| #endif
| #ifdef HAVE_UNISTD_H
| # include <unistd.h>
| #endif
| int
| main ()
| {
| if (sizeof ((size_t)))
| 	    return 0;
|   ;
|   return 0;
| }
configure:5272: result: yes
configure:5285: checking whether va_list is an array
configure:5300: gcc -c -g -O2  conftest.c >&5
conftest.c:32:29: error: array type 'va_list' (aka '__builtin_va_list') is not assignable
va_list list1, list2; list1 = list2;
                      ~~~~~ ^
1 error generated.
configure:5300: $? = 1
configure: failed program was:
| /* confdefs.h */
| #define PACKAGE_NAME ""
| #define PACKAGE_TARNAME ""
| #define PACKAGE_VERSION ""
| #define PACKAGE_STRING ""
| #define PACKAGE_BUGREPORT ""
| #define PACKAGE_URL ""
| #define PACKAGE "xmlrpc-c"
| #define VERSION "x.xx"
| #define STDC_HEADERS 1
| #define HAVE_SYS_TYPES_H 1
| #define HAVE_SYS_STAT_H 1
| #define HAVE_STDLIB_H 1
| #define HAVE_STRING_H 1
| #define HAVE_MEMORY_H 1
| #define HAVE_STRINGS_H 1
| #define HAVE_INTTYPES_H 1
| #define HAVE_STDINT_H 1
| #define HAVE_UNISTD_H 1
| #define HAVE_WCHAR_H 1
| #define HAVE_SYS_FILIO_H 1
| #define HAVE_SYS_IOCTL_H 1
| #define HAVE_SYS_SELECT_H 1
| #define HAVE_STDARG_H 1
| /* end confdefs.h.  */
| 
| #include <stdarg.h>
| 
| int
| main ()
| {
| va_list list1, list2; list1 = list2;
|   ;
|   return 0;
| }
configure:5306: result: yes
configure:5315: checking whether compiler has __attribute__
configure:5328: gcc -c -g -O2  conftest.c >&5
configure:5328: $? = 0
configure:5334: result: yes
configure:5345: checking for vsnprintf
configure:5345: gcc -o conftest -g -O2   conftest.c  >&5
conftest.c:49:6: warning: incompatible redeclaration of library function 'vsnprintf' [-Wincompatible-library-redeclaration]
char vsnprintf ();
     ^
conftest.c:49:6: note: 'vsnprintf' is a builtin with type 'int (char *, unsigned long, const char *, struct __va_list_tag *)'
1 warning generated.
configure:5345: $? = 0
configure:5345: result: yes
configure:5357: checking for wcsncmp
configure:5357: gcc -o conftest -g -O2   conftest.c  >&5
conftest.c:49:6: warning: incompatible redeclaration of library function 'wcsncmp' [-Wincompatible-library-redeclaration]
char wcsncmp ();
     ^
conftest.c:49:6: note: 'wcsncmp' is a builtin with type 'int (const int *, const int *, unsigned long)'
1 warning generated.
configure:5357: $? = 0
configure:5357: result: yes
configure:5375: checking for setgroups
configure:5375: gcc -o conftest -g -O2   conftest.c  >&5
configure:5375: $? = 0
configure:5375: result: yes
configure:5393: checking for asprintf
configure:5393: gcc -o conftest -g -O2   conftest.c  >&5
conftest.c:62:18: warning: format string missing [-Wformat]
return asprintf ();
       ~~~~~~~~  ^
1 warning generated.
configure:5393: $? = 0
configure:5393: result: yes
configure:5411: checking for setenv
configure:5411: gcc -o conftest -g -O2   conftest.c  >&5
configure:5411: $? = 0
configure:5411: result: yes
configure:5429: checking for strtoll
configure:5429: gcc -o conftest -g -O2   conftest.c  >&5
conftest.c:53:6: warning: incompatible redeclaration of library function 'strtoll' [-Wincompatible-library-redeclaration]
char strtoll ();
     ^
conftest.c:53:6: note: 'strtoll' is a builtin with type 'long long (const char *, char **, int)'
1 warning generated.
configure:5429: $? = 0
configure:5429: result: yes
configure:5447: checking for strtoull
configure:5447: gcc -o conftest -g -O2   conftest.c  >&5
conftest.c:54:6: warning: incompatible redeclaration of library function 'strtoull' [-Wincompatible-library-redeclaration]
char strtoull ();
     ^
conftest.c:54:6: note: 'strtoull' is a builtin with type 'unsigned long long (const char *, char **, int)'
1 warning generated.
configure:5447: $? = 0
configure:5447: result: yes
configure:5465: checking for strtoq
configure:5465: gcc -o conftest -g -O2   conftest.c  >&5
configure:5465: $? = 0
configure:5465: result: yes
configure:5483: checking for strtouq
configure:5483: gcc -o conftest -g -O2   conftest.c  >&5
configure:5483: $? = 0
configure:5483: result: yes
configure:5501: checking for __strtoll
configure:5501: gcc -o conftest -g -O2   conftest.c  >&5
Undefined symbols for architecture x86_64:
  "___strtoll", referenced from:
      _main in conftest-cf945e.o
ld: symbol(s) not found for architecture x86_64
clang: error: linker command failed with exit code 1 (use -v to see invocation)
configure:5501: $? = 1
configure: failed program was:
| /* confdefs.h */
| #define PACKAGE_NAME ""
| #define PACKAGE_TARNAME ""
| #define PACKAGE_VERSION ""
| #define PACKAGE_STRING ""
| #define PACKAGE_BUGREPORT ""
| #define PACKAGE_URL ""
| #define PACKAGE "xmlrpc-c"
| #define VERSION "x.xx"
| #define STDC_HEADERS 1
| #define HAVE_SYS_TYPES_H 1
| #define HAVE_SYS_STAT_H 1
| #define HAVE_STDLIB_H 1
| #define HAVE_STRING_H 1
| #define HAVE_MEMORY_H 1
| #define HAVE_STRINGS_H 1
| #define HAVE_INTTYPES_H 1
| #define HAVE_STDINT_H 1
| #define HAVE_UNISTD_H 1
| #define HAVE_WCHAR_H 1
| #define HAVE_SYS_FILIO_H 1
| #define HAVE_SYS_IOCTL_H 1
| #define HAVE_SYS_SELECT_H 1
| #define HAVE_STDARG_H 1
| #define HAVE_WCSNCMP 1
| #define HAVE_SETGROUPS 1
| #define HAVE_ASPRINTF 1
| #define HAVE_SETENV 1
| #define HAVE_STRTOLL 1
| #define HAVE_STRTOULL 1
| #define HAVE_STRTOQ 1
| #define HAVE_STRTOUQ 1
| /* end confdefs.h.  */
| /* Define __strtoll to an innocuous variant, in case <limits.h> declares __strtoll.
|    For example, HP-UX 11i <limits.h> declares gettimeofday.  */
| #define __strtoll innocuous___strtoll
| 
| /* System header to define __stub macros and hopefully few prototypes,
|     which can conflict with char __strtoll (); below.
|     Prefer <limits.h> to <assert.h> if __STDC__ is defined, since
|     <limits.h> exists even on freestanding compilers.  */
| 
| #ifdef __STDC__
| # include <limits.h>
| #else
| # include <assert.h>
| #endif
| 
| #undef __strtoll
| 
| /* Override any GCC internal prototype to avoid an error.
|    Use char because int might match the return type of a GCC
|    builtin and then its argument prototype would still apply.  */
| #ifdef __cplusplus
| extern "C"
| #endif
| char __strtoll ();
| /* The GNU C library defines this for functions which it implements
|     to always fail with ENOSYS.  Some functions are actually named
|     something starting with __ and the normal name is an alias.  */
| #if defined __stub___strtoll || defined __stub_____strtoll
| choke me
| #endif
| 
| int
| main ()
| {
| return __strtoll ();
|   ;
|   return 0;
| }
configure:5501: result: no
configure:5519: checking for __strtoull
configure:5519: gcc -o conftest -g -O2   conftest.c  >&5
Undefined symbols for architecture x86_64:
  "___strtoull", referenced from:
      _main in conftest-473121.o
ld: symbol(s) not found for architecture x86_64
clang: error: linker command failed with exit code 1 (use -v to see invocation)
configure:5519: $? = 1
configure: failed program was:
| /* confdefs.h */
| #define PACKAGE_NAME ""
| #define PACKAGE_TARNAME ""
| #define PACKAGE_VERSION ""
| #define PACKAGE_STRING ""
| #define PACKAGE_BUGREPORT ""
| #define PACKAGE_URL ""
| #define PACKAGE "xmlrpc-c"
| #define VERSION "x.xx"
| #define STDC_HEADERS 1
| #define HAVE_SYS_TYPES_H 1
| #define HAVE_SYS_STAT_H 1
| #define HAVE_STDLIB_H 1
| #define HAVE_STRING_H 1
| #define HAVE_MEMORY_H 1
| #define HAVE_STRINGS_H 1
| #define HAVE_INTTYPES_H 1
| #define HAVE_STDINT_H 1
| #define HAVE_UNISTD_H 1
| #define HAVE_WCHAR_H 1
| #define HAVE_SYS_FILIO_H 1
| #define HAVE_SYS_IOCTL_H 1
| #define HAVE_SYS_SELECT_H 1
| #define HAVE_STDARG_H 1
| #define HAVE_WCSNCMP 1
| #define HAVE_SETGROUPS 1
| #define HAVE_ASPRINTF 1
| #define HAVE_SETENV 1
| #define HAVE_STRTOLL 1
| #define HAVE_STRTOULL 1
| #define HAVE_STRTOQ 1
| #define HAVE_STRTOUQ 1
| /* end confdefs.h.  */
| /* Define __strtoull to an innocuous variant, in case <limits.h> declares __strtoull.
|    For example, HP-UX 11i <limits.h> declares gettimeofday.  */
| #define __strtoull innocuous___strtoull
| 
| /* System header to define __stub macros and hopefully few prototypes,
|     which can conflict with char __strtoull (); below.
|     Prefer <limits.h> to <assert.h> if __STDC__ is defined, since
|     <limits.h> exists even on freestanding compilers.  */
| 
| #ifdef __STDC__
| # include <limits.h>
| #else
| # include <assert.h>
| #endif
| 
| #undef __strtoull
| 
| /* Override any GCC internal prototype to avoid an error.
|    Use char because int might match the return type of a GCC
|    builtin and then its argument prototype would still apply.  */
| #ifdef __cplusplus
| extern "C"
| #endif
| char __strtoull ();
| /* The GNU C library defines this for functions which it implements
|     to always fail with ENOSYS.  Some functions are actually named
|     something starting with __ and the normal name is an alias.  */
| #if defined __stub___strtoull || defined __stub_____strtoull
| choke me
| #endif
| 
| int
| main ()
| {
| return __strtoull ();
|   ;
|   return 0;
| }
configure:5519: result: no
configure:5537: checking for _strtoui64
configure:5537: gcc -o conftest -g -O2   conftest.c  >&5
Undefined symbols for architecture x86_64:
  "__strtoui64", referenced from:
      _main in conftest-fdd958.o
ld: symbol(s) not found for architecture x86_64
clang: error: linker command failed with exit code 1 (use -v to see invocation)
configure:5537: $? = 1
configure: failed program was:
| /* confdefs.h */
| #define PACKAGE_NAME ""
| #define PACKAGE_TARNAME ""
| #define PACKAGE_VERSION ""
| #define PACKAGE_STRING ""
| #define PACKAGE_BUGREPORT ""
| #define PACKAGE_URL ""
| #define PACKAGE "xmlrpc-c"
| #define VERSION "x.xx"
| #define STDC_HEADERS 1
| #define HAVE_SYS_TYPES_H 1
| #define HAVE_SYS_STAT_H 1
| #define HAVE_STDLIB_H 1
| #define HAVE_STRING_H 1
| #define HAVE_MEMORY_H 1
| #define HAVE_STRINGS_H 1
| #define HAVE_INTTYPES_H 1
| #define HAVE_STDINT_H 1
| #define HAVE_UNISTD_H 1
| #define HAVE_WCHAR_H 1
| #define HAVE_SYS_FILIO_H 1
| #define HAVE_SYS_IOCTL_H 1
| #define HAVE_SYS_SELECT_H 1
| #define HAVE_STDARG_H 1
| #define HAVE_WCSNCMP 1
| #define HAVE_SETGROUPS 1
| #define HAVE_ASPRINTF 1
| #define HAVE_SETENV 1
| #define HAVE_STRTOLL 1
| #define HAVE_STRTOULL 1
| #define HAVE_STRTOQ 1
| #define HAVE_STRTOUQ 1
| /* end confdefs.h.  */
| /* Define _strtoui64 to an innocuous variant, in case <limits.h> declares _strtoui64.
|    For example, HP-UX 11i <limits.h> declares gettimeofday.  */
| #define _strtoui64 innocuous__strtoui64
| 
| /* System header to define __stub macros and hopefully few prototypes,
|     which can conflict with char _strtoui64 (); below.
|     Prefer <limits.h> to <assert.h> if __STDC__ is defined, since
|     <limits.h> exists even on freestanding compilers.  */
| 
| #ifdef __STDC__
| # include <limits.h>
| #else
| # include <assert.h>
| #endif
| 
| #undef _strtoui64
| 
| /* Override any GCC internal prototype to avoid an error.
|    Use char because int might match the return type of a GCC
|    builtin and then its argument prototype would still apply.  */
| #ifdef __cplusplus
| extern "C"
| #endif
| char _strtoui64 ();
| /* The GNU C library defines this for functions which it implements
|     to always fail with ENOSYS.  Some functions are actually named
|     something starting with __ and the normal name is an alias.  */
| #if defined __stub__strtoui64 || defined __stub____strtoui64
| choke me
| #endif
| 
| int
| main ()
| {
| return _strtoui64 ();
|   ;
|   return 0;
| }
configure:5537: result: no
configure:5555: checking for pselect
configure:5555: gcc -o conftest -g -O2   conftest.c  >&5
configure:5555: $? = 0
configure:5555: result: yes
configure:5573: checking for gettimeofday
configure:5573: gcc -o conftest -g -O2   conftest.c  >&5
configure:5573: $? = 0
configure:5573: result: yes
configure:5591: checking for localtime_r
configure:5591: gcc -o conftest -g -O2   conftest.c  >&5
configure:5591: $? = 0
configure:5591: result: yes
configure:5609: checking for gmtime_r
configure:5609: gcc -o conftest -g -O2   conftest.c  >&5
configure:5609: $? = 0
configure:5609: result: yes
configure:5627: checking for strcasecmp
configure:5627: gcc -o conftest -g -O2   conftest.c  >&5
conftest.c:61:6: warning: incompatible redeclaration of library function 'strcasecmp' [-Wincompatible-library-redeclaration]
char strcasecmp ();
     ^
conftest.c:61:6: note: 'strcasecmp' is a builtin with type 'int (const char *, const char *)'
1 warning generated.
configure:5627: $? = 0
configure:5627: result: yes
configure:5645: checking for stricmp
configure:5645: gcc -o conftest -g -O2   conftest.c  >&5
Undefined symbols for architecture x86_64:
  "_stricmp", referenced from:
      _main in conftest-89b88b.o
ld: symbol(s) not found for architecture x86_64
clang: error: linker command failed with exit code 1 (use -v to see invocation)
configure:5645: $? = 1
configure: failed program was:
| /* confdefs.h */
| #define PACKAGE_NAME ""
| #define PACKAGE_TARNAME ""
| #define PACKAGE_VERSION ""
| #define PACKAGE_STRING ""
| #define PACKAGE_BUGREPORT ""
| #define PACKAGE_URL ""
| #define PACKAGE "xmlrpc-c"
| #define VERSION "x.xx"
| #define STDC_HEADERS 1
| #define HAVE_SYS_TYPES_H 1
| #define HAVE_SYS_STAT_H 1
| #define HAVE_STDLIB_H 1
| #define HAVE_STRING_H 1
| #define HAVE_MEMORY_H 1
| #define HAVE_STRINGS_H 1
| #define HAVE_INTTYPES_H 1
| #define HAVE_STDINT_H 1
| #define HAVE_UNISTD_H 1
| #define HAVE_WCHAR_H 1
| #define HAVE_SYS_FILIO_H 1
| #define HAVE_SYS_IOCTL_H 1
| #define HAVE_SYS_SELECT_H 1
| #define HAVE_STDARG_H 1
| #define HAVE_WCSNCMP 1
| #define HAVE_SETGROUPS 1
| #define HAVE_ASPRINTF 1
| #define HAVE_SETENV 1
| #define HAVE_STRTOLL 1
| #define HAVE_STRTOULL 1
| #define HAVE_STRTOQ 1
| #define HAVE_STRTOUQ 1
| #define HAVE_PSELECT 1
| #define HAVE_GETTIMEOFDAY 1
| #define HAVE_LOCALTIME_R 1
| #define HAVE_GMTIME_R 1
| #define HAVE_STRCASECMP 1
| /* end confdefs.h.  */
| /* Define stricmp to an innocuous variant, in case <limits.h> declares stricmp.
|    For example, HP-UX 11i <limits.h> declares gettimeofday.  */
| #define stricmp innocuous_stricmp
| 
| /* System header to define __stub macros and hopefully few prototypes,
|     which can conflict with char stricmp (); below.
|     Prefer <limits.h> to <assert.h> if __STDC__ is defined, since
|     <limits.h> exists even on freestanding compilers.  */
| 
| #ifdef __STDC__
| # include <limits.h>
| #else
| # include <assert.h>
| #endif
| 
| #undef stricmp
| 
| /* Override any GCC internal prototype to avoid an error.
|    Use char because int might match the return type of a GCC
|    builtin and then its argument prototype would still apply.  */
| #ifdef __cplusplus
| extern "C"
| #endif
| char stricmp ();
| /* The GNU C library defines this for functions which it implements
|     to always fail with ENOSYS.  Some functions are actually named
|     something starting with __ and the normal name is an alias.  */
| #if defined __stub_stricmp || defined __stub___stricmp
| choke me
| #endif
| 
| int
| main ()
| {
| return stricmp ();
|   ;
|   return 0;
| }
configure:5645: result: no
configure:5663: checking for _stricmp
configure:5663: gcc -o conftest -g -O2   conftest.c  >&5
Undefined symbols for architecture x86_64:
  "__stricmp", referenced from:
      _main in conftest-0dfa15.o
ld: symbol(s) not found for architecture x86_64
clang: error: linker command failed with exit code 1 (use -v to see invocation)
configure:5663: $? = 1
configure: failed program was:
| /* confdefs.h */
| #define PACKAGE_NAME ""
| #define PACKAGE_TARNAME ""
| #define PACKAGE_VERSION ""
| #define PACKAGE_STRING ""
| #define PACKAGE_BUGREPORT ""
| #define PACKAGE_URL ""
| #define PACKAGE "xmlrpc-c"
| #define VERSION "x.xx"
| #define STDC_HEADERS 1
| #define HAVE_SYS_TYPES_H 1
| #define HAVE_SYS_STAT_H 1
| #define HAVE_STDLIB_H 1
| #define HAVE_STRING_H 1
| #define HAVE_MEMORY_H 1
| #define HAVE_STRINGS_H 1
| #define HAVE_INTTYPES_H 1
| #define HAVE_STDINT_H 1
| #define HAVE_UNISTD_H 1
| #define HAVE_WCHAR_H 1
| #define HAVE_SYS_FILIO_H 1
| #define HAVE_SYS_IOCTL_H 1
| #define HAVE_SYS_SELECT_H 1
| #define HAVE_STDARG_H 1
| #define HAVE_WCSNCMP 1
| #define HAVE_SETGROUPS 1
| #define HAVE_ASPRINTF 1
| #define HAVE_SETENV 1
| #define HAVE_STRTOLL 1
| #define HAVE_STRTOULL 1
| #define HAVE_STRTOQ 1
| #define HAVE_STRTOUQ 1
| #define HAVE_PSELECT 1
| #define HAVE_GETTIMEOFDAY 1
| #define HAVE_LOCALTIME_R 1
| #define HAVE_GMTIME_R 1
| #define HAVE_STRCASECMP 1
| /* end confdefs.h.  */
| /* Define _stricmp to an innocuous variant, in case <limits.h> declares _stricmp.
|    For example, HP-UX 11i <limits.h> declares gettimeofday.  */
| #define _stricmp innocuous__stricmp
| 
| /* System header to define __stub macros and hopefully few prototypes,
|     which can conflict with char _stricmp (); below.
|     Prefer <limits.h> to <assert.h> if __STDC__ is defined, since
|     <limits.h> exists even on freestanding compilers.  */
| 
| #ifdef __STDC__
| # include <limits.h>
| #else
| # include <assert.h>
| #endif
| 
| #undef _stricmp
| 
| /* Override any GCC internal prototype to avoid an error.
|    Use char because int might match the return type of a GCC
|    builtin and then its argument prototype would still apply.  */
| #ifdef __cplusplus
| extern "C"
| #endif
| char _stricmp ();
| /* The GNU C library defines this for functions which it implements
|     to always fail with ENOSYS.  Some functions are actually named
|     something starting with __ and the normal name is an alias.  */
| #if defined __stub__stricmp || defined __stub____stricmp
| choke me
| #endif
| 
| int
| main ()
| {
| return _stricmp ();
|   ;
|   return 0;
| }
configure:5663: result: no
configure:5692: checking whether to use Abyss pthread function
configure:5701: result: yes
configure:5912: checking for curl-xmlrpc-config
configure:5945: result: no
configure:5912: checking for curl-config
configure:5930: found /usr/bin/curl-config
configure:5942: result: /usr/bin/curl-config
configure:5962: checking for Curl library directory
configure:5966: result: /usr/lib
configure:5974: checking for OpenSSL library
configure:5987: result: no
configure:6007: You don't appear to Openssl installed (no pkg-config file for it in your pkg-config search path), so we will not build the Abyss Openssl channel module
configure:6017: checking whether to build Abyss Openssl channel module
configure:6019: result: no
configure:6041: checking whether to use SSL with libwww
configure:6048: result: no
configure:6064: checking whether to build the libxml2 backend
configure:6066: result: no
configure:6172: checking for ar
configure:6188: found /usr/bin/ar
configure:6199: result: ar
configure:6264: checking for ranlib
configure:6280: found /usr/bin/ranlib
configure:6291: result: ranlib
configure:6468: creating ./config.status

## ---------------------- ##
## Running config.status. ##
## ---------------------- ##

This file was extended by config.status, which was
generated by GNU Autoconf 2.69.  Invocation command line was

  CONFIG_FILES    = 
  CONFIG_HEADERS  = 
  CONFIG_LINKS    = 
  CONFIG_COMMANDS = 
  $ ./config.status 

on Gabriels-MBP

config.status:829: creating srcdir.mk
config.status:829: creating config.mk
config.status:829: creating xmlrpc_config.h

## ---------------- ##
## Cache variables. ##
## ---------------- ##

ac_cv_build=x86_64-apple-darwin19.5.0
ac_cv_c_compiler_gnu=yes
ac_cv_cxx_compiler_gnu=yes
ac_cv_env_CCC_set=
ac_cv_env_CCC_value=
ac_cv_env_CC_set=
ac_cv_env_CC_value=
ac_cv_env_CFLAGS_set=
ac_cv_env_CFLAGS_value=
ac_cv_env_CPPFLAGS_set=
ac_cv_env_CPPFLAGS_value=
ac_cv_env_CPP_set=
ac_cv_env_CPP_value=
ac_cv_env_CXXFLAGS_set=
ac_cv_env_CXXFLAGS_value=
ac_cv_env_CXX_set=
ac_cv_env_CXX_value=
ac_cv_env_LDFLAGS_set=
ac_cv_env_LDFLAGS_value=
ac_cv_env_LIBS_set=
ac_cv_env_LIBS_value=
ac_cv_env_build_alias_set=
ac_cv_env_build_alias_value=
ac_cv_env_host_alias_set=
ac_cv_env_host_alias_value=
ac_cv_env_target_alias_set=
ac_cv_env_target_alias_value=
ac_cv_func___strtoll=no
ac_cv_func___strtoull=no
ac_cv_func__stricmp=no
ac_cv_func__strtoui64=no
ac_cv_func_asprintf=yes
ac_cv_func_gettimeofday=yes
ac_cv_func_gmtime_r=yes
ac_cv_func_localtime_r=yes
ac_cv_func_pselect=yes
ac_cv_func_setenv=yes
ac_cv_func_setgroups=yes
ac_cv_func_socket=yes
ac_cv_func_strcasecmp=yes
ac_cv_func_stricmp=no
ac_cv_func_strtoll=yes
ac_cv_func_strtoq=yes
ac_cv_func_strtoull=yes
ac_cv_func_strtouq=yes
ac_cv_func_vsnprintf=yes
ac_cv_func_wcsncmp=yes
ac_cv_header_inttypes_h=yes
ac_cv_header_memory_h=yes
ac_cv_header_stdarg_h=yes
ac_cv_header_stdc=yes
ac_cv_header_stdint_h=yes
ac_cv_header_stdlib_h=yes
ac_cv_header_string_h=yes
ac_cv_header_strings_h=yes
ac_cv_header_sys_filio_h=yes
ac_cv_header_sys_ioctl_h=yes
ac_cv_header_sys_select_h=yes
ac_cv_header_sys_stat_h=yes
ac_cv_header_sys_types_h=yes
ac_cv_header_unistd_h=yes
ac_cv_header_wchar_h=yes
ac_cv_host=x86_64-apple-darwin19.5.0
ac_cv_lib_ncurses_main=yes
ac_cv_lib_readline_main=yes
ac_cv_objext=o
ac_cv_path_CURL_CONFIG=/usr/bin/curl-config
ac_cv_path_EGREP='/usr/bin/grep -E'
ac_cv_path_GREP=/usr/bin/grep
ac_cv_path_install='/usr/bin/install -c'
ac_cv_prog_CPP='gcc -E'
ac_cv_prog_ac_ct_AR=ar
ac_cv_prog_ac_ct_CC=gcc
ac_cv_prog_ac_ct_CXX=g++
ac_cv_prog_ac_ct_RANLIB=ranlib
ac_cv_prog_cc_c89=
ac_cv_prog_cc_g=yes
ac_cv_prog_cxx_g=yes
ac_cv_prog_have_curl_config=yes
ac_cv_prog_have_libwww_config=no
ac_cv_prog_have_wininet_config=no
ac_cv_prog_make_make_set=yes
ac_cv_type_size_t=yes

## ----------------- ##
## Output variables. ##
## ----------------- ##

ABYSS_SUBDIR='abyss'
ACLOCAL='/Users/gabrielmunits/CLionProjects/defensive-programming/client/xmlrpc-c-1.51.06/missing aclocal'
AR='ar'
ASYNCH_CLIENT='asynch_client'
ATTR_UNUSED='__attribute__((__unused__))'
AUTH_CLIENT='auth_client'
AUTOCONF='autoconf'
AUTOHEADER='autoheader'
AUTOMAKE='/Users/gabrielmunits/CLionProjects/defensive-programming/client/xmlrpc-c-1.51.06/missing automake'
BUILDDIR='/Users/gabrielmunits/CLionProjects/defensive-programming/client/xmlrpc-c-1.51.06'
BUILD_TOOLS='yes'
BUILD_XMLRPC_PSTREAM='yes'
CC='gcc'
CC_WARN_FLAGS=''
CFLAGS='-g -O2 -D_THREAD'
CLIENTTEST='clienttest'
CPP='gcc -E'
CPPFLAGS=''
CPPTEST='cpptest'
CPP_WARN_FLAGS=''
CURL_CONFIG='/usr/bin/curl-config'
CURL_LDADD='-lcurl'
CURL_LIBDIR='/usr/lib'
CXX='g++'
CXXFLAGS='-g -O2'
CXX_COMPILER_GNU='yes'
C_COMPILER_GNU='yes'
DEFS='-DPACKAGE_NAME=\"\" -DPACKAGE_TARNAME=\"\" -DPACKAGE_VERSION=\"\" -DPACKAGE_STRING=\"\" -DPACKAGE_BUGREPORT=\"\" -DPACKAGE_URL=\"\" -DPACKAGE=\"xmlrpc-c\" -DVERSION=\"x.xx\" -DSTDC_HEADERS=1 -DHAVE_SYS_TYPES_H=1 -DHAVE_SYS_STAT_H=1 -DHAVE_STDLIB_H=1 -DHAVE_STRING_H=1 -DHAVE_MEMORY_H=1 -DHAVE_STRINGS_H=1 -DHAVE_INTTYPES_H=1 -DHAVE_STDINT_H=1 -DHAVE_UNISTD_H=1 -DHAVE_WCHAR_H=1 -DHAVE_SYS_FILIO_H=1 -DHAVE_SYS_IOCTL_H=1 -DHAVE_SYS_SELECT_H=1 -DHAVE_STDARG_H=1 -DHAVE_WCSNCMP=1 -DHAVE_SETGROUPS=1 -DHAVE_ASPRINTF=1 -DHAVE_SETENV=1 -DHAVE_STRTOLL=1 -DHAVE_STRTOULL=1 -DHAVE_STRTOQ=1 -DHAVE_STRTOUQ=1 -DHAVE_PSELECT=1 -DHAVE_GETTIMEOFDAY=1 -DHAVE_LOCALTIME_R=1 -DHAVE_GMTIME_R=1 -DHAVE_STRCASECMP=1'
DIRECTORY_SEPARATOR='/'
ECHO_C='\c'
ECHO_N=''
ECHO_T=''
EGREP='/usr/bin/grep -E'
ENABLE_ABYSS_SERVER='yes'
ENABLE_ABYSS_THREADS='yes'
ENABLE_CGI_SERVER='yes'
ENABLE_CPLUSPLUS='yes'
ENABLE_LIBXML2_BACKEND='no'
EXEEXT=''
FEATURE_LIST='c++ abyss-server curl-client '
GREP='/usr/bin/grep'
HAVE_ABYSS_OPENSSL_DEFINE='0'
HAVE_ASPRINTF_DEFINE='1'
HAVE_GETTIMEOFDAY_DEFINE='1'
HAVE_GMTIME_R_DEFINE='1'
HAVE_LIBWWW_SSL_DEFINE='0'
HAVE_LOCALTIME_R_DEFINE='1'
HAVE_PSELECT_DEFINE='1'
HAVE_SETENV_DEFINE='1'
HAVE_SETGROUPS_DEFINE='1'
HAVE_STRCASECMP_DEFINE='1'
HAVE_STRICMP_DEFINE='0'
HAVE_STRTOLL_DEFINE='1'
HAVE_STRTOQ_DEFINE='1'
HAVE_STRTOULL_DEFINE='1'
HAVE_STRTOUQ_DEFINE='1'
HAVE_SYS_FILIO_H_DEFINE='1'
HAVE_SYS_IOCTL_H_DEFINE='1'
HAVE_SYS_SELECT_H_DEFINE='1'
HAVE_WCHAR_H_DEFINE='1'
HAVE_WCSNCMP_DEFINE='1'
HAVE__STRICMP_DEFINE='0'
HAVE__STRTOUI64_DEFINE='0'
HAVE___STRTOLL_DEFINE='0'
HAVE___STRTOULL_DEFINE='0'
INSTALL_DATA='${INSTALL} -m 644'
INSTALL_PROGRAM='${INSTALL}'
INSTALL_SCRIPT='${INSTALL}'
LDFLAGS=''
LIBOBJS=''
LIBS=''
LIBWWW_CONFIG=''
LIBWWW_LDADD=''
LIBWWW_LIBDIR=''
LIBXMLRPC_CPP_A='libxmlrpc_cpp.a'
LSOCKET=''
LTLIBOBJS=''
MAKEINFO='makeinfo'
MUST_BUILD_ABYSS_OPENSSL='no'
MUST_BUILD_CURL_CLIENT='yes'
MUST_BUILD_LIBWWW_CLIENT='no'
MUST_BUILD_WININET_CLIENT='no'
OBJEXT='o'
OPENSSL_CFLAGS=''
OPENSSL_LDADD=''
PACKAGE='xmlrpc-c'
PACKAGE_BUGREPORT=''
PACKAGE_NAME=''
PACKAGE_STRING=''
PACKAGE_TARNAME=''
PACKAGE_URL=''
PACKAGE_VERSION=''
PATH_SEPARATOR=':'
QUERY_MEERKAT='query-meerkat'
RANLIB='ranlib'
SERVER='server'
SERVERTEST='servertest'
SET_MAKE=''
SHELL='/bin/sh'
SYNCH_CLIENT='synch_client'
VALIDATEE='validatee'
VA_LIST_IS_ARRAY_DEFINE='1'
VERSION='x.xx'
WININET_CFLAGS=''
WININET_CONFIG=''
WININET_LDADD=''
WININET_LIBDIR=''
XMLRPCCPP_H='XmlRpcCpp.h'
XMLRPC_ABYSS_H='xmlrpc_abyss.h'
XMLRPC_CLIENT_H='xmlrpc_client.h'
XMLRPC_TRANSPORT_H='xmlrpc_transport.h'
XML_RPC_API2CPP_SUBDIR='xml-rpc-api2cpp'
ac_ct_CC='gcc'
ac_ct_CXX='g++'
bindir='${exec_prefix}/bin'
build='x86_64-apple-darwin19.5.0'
build_alias=''
build_cpu='x86_64'
build_os='darwin19.5.0'
build_vendor='apple'
datadir='${datarootdir}'
datarootdir='${prefix}/share'
docdir='${datarootdir}/doc/${PACKAGE}'
dvidir='${docdir}'
exec_prefix='${prefix}'
have_curl_config='yes'
have_libwww_config='no'
have_wininet_config='no'
have_xml2_config=''
host='x86_64-apple-darwin19.5.0'
host_alias=''
host_cpu='x86_64'
host_os='darwin19.5.0'
host_vendor='apple'
htmldir='${docdir}'
includedir='${prefix}/include'
infodir='${datarootdir}/info'
libdir='${exec_prefix}/lib'
libexecdir='${exec_prefix}/libexec'
localedir='${datarootdir}/locale'
localstatedir='${prefix}/var'
mandir='${datarootdir}/man'
oldincludedir='/usr/include'
pdfdir='${docdir}'
prefix='/usr/local'
program_transform_name='s,x,x,'
psdir='${docdir}'
sbindir='${exec_prefix}/sbin'
sharedstatedir='${prefix}/com'
sysconfdir='${prefix}/etc'
target_alias=''

## ----------- ##
## confdefs.h. ##
## ----------- ##

/* confdefs.h */
#define PACKAGE_NAME ""
#define PACKAGE_TARNAME ""
#define PACKAGE_VERSION ""
#define PACKAGE_STRING ""
#define PACKAGE_BUGREPORT ""
#define PACKAGE_URL ""
#define PACKAGE "xmlrpc-c"
#define VERSION "x.xx"
#define STDC_HEADERS 1
#define HAVE_SYS_TYPES_H 1
#define HAVE_SYS_STAT_H 1
#define HAVE_STDLIB_H 1
#define HAVE_STRING_H 1
#define HAVE_MEMORY_H 1
#define HAVE_STRINGS_H 1
#define HAVE_INTTYPES_H 1
#define HAVE_STDINT_H 1
#define HAVE_UNISTD_H 1
#define HAVE_WCHAR_H 1
#define HAVE_SYS_FILIO_H 1
#define HAVE_SYS_IOCTL_H 1
#define HAVE_SYS_SELECT_H 1
#define HAVE_STDARG_H 1
#define HAVE_WCSNCMP 1
#define HAVE_SETGROUPS 1
#define HAVE_ASPRINTF 1
#define HAVE_SETENV 1
#define HAVE_STRTOLL 1
#define HAVE_STRTOULL 1
#define HAVE_STRTOQ 1
#define HAVE_STRTOUQ 1
#define HAVE_PSELECT 1
#define HAVE_GETTIMEOFDAY 1
#define HAVE_LOCALTIME_R 1
#define HAVE_GMTIME_R 1
#define HAVE_STRCASECMP 1

configure: exit 0
